[2024-09-25 16:55:23,815] MacBook-Pro.local/INFO/root: Waiting for workers to be ready, 0 of 10 connected
[2024-09-25 16:55:24,357] MacBook-Pro.local/INFO/locust.runners: Worker MacBook-Pro.local_863b8870ece64c7e8f57d97273fe7317 (index 0) reported as ready. 1 workers connected.
[2024-09-25 16:55:24,359] MacBook-Pro.local/INFO/locust.runners: Worker MacBook-Pro.local_bd09f186761d45529c1480680b9e6b71 (index 1) reported as ready. 2 workers connected.
[2024-09-25 16:55:24,359] MacBook-Pro.local/INFO/locust.runners: Worker MacBook-Pro.local_e2c241a822d04086b0a6eeb2551ee73c (index 2) reported as ready. 3 workers connected.
[2024-09-25 16:55:24,360] MacBook-Pro.local/INFO/locust.runners: Worker MacBook-Pro.local_f289b7a735f84804a1be55e5d3c74209 (index 3) reported as ready. 4 workers connected.
[2024-09-25 16:55:24,359] MacBook-Pro.local/INFO/locust.main: Starting Locust 2.17.0
[2024-09-25 16:55:24,362] MacBook-Pro.local/INFO/locust.main: Starting Locust 2.17.0
[2024-09-25 16:55:24,362] MacBook-Pro.local/INFO/locust.main: Starting Locust 2.17.0
[2024-09-25 16:55:24,362] MacBook-Pro.local/INFO/locust.main: Starting Locust 2.17.0
[2024-09-25 16:55:24,370] MacBook-Pro.local/INFO/locust.runners: Worker MacBook-Pro.local_7c677772eb124e8e968479ebd6f304e5 (index 4) reported as ready. 5 workers connected.
[2024-09-25 16:55:24,374] MacBook-Pro.local/INFO/locust.main: Starting Locust 2.17.0
[2024-09-25 16:55:24,375] MacBook-Pro.local/INFO/locust.runners: Worker MacBook-Pro.local_331d80bdafbd41a898d84caf4cb04361 (index 5) reported as ready. 6 workers connected.
[2024-09-25 16:55:24,376] MacBook-Pro.local/INFO/locust.main: Starting Locust 2.17.0
[2024-09-25 16:55:24,380] MacBook-Pro.local/INFO/locust.runners: Worker MacBook-Pro.local_63735ca98f584faf9409f348983ca2a7 (index 6) reported as ready. 7 workers connected.
[2024-09-25 16:55:24,381] MacBook-Pro.local/INFO/locust.main: Starting Locust 2.17.0
[2024-09-25 16:55:24,383] MacBook-Pro.local/INFO/locust.runners: Worker MacBook-Pro.local_0eeff28b2f004d3092ffdf179f23c6b3 (index 7) reported as ready. 8 workers connected.
[2024-09-25 16:55:24,385] MacBook-Pro.local/INFO/locust.runners: Worker MacBook-Pro.local_f7a7fd19e66e4d2e9d2deeb69bf34c5b (index 8) reported as ready. 9 workers connected.
[2024-09-25 16:55:24,384] MacBook-Pro.local/INFO/locust.main: Starting Locust 2.17.0
[2024-09-25 16:55:24,386] MacBook-Pro.local/INFO/locust.main: Starting Locust 2.17.0
[2024-09-25 16:55:24,388] MacBook-Pro.local/INFO/locust.runners: Worker MacBook-Pro.local_f2b53b97bac44824abe6884af7e43803 (index 9) reported as ready. 10 workers connected.
[2024-09-25 16:55:24,388] MacBook-Pro.local/INFO/locust.main: Starting Locust 2.17.0
[2024-09-25 16:55:24,817] MacBook-Pro.local/INFO/locust.main: No run time limit set, use CTRL+C to interrupt
[2024-09-25 16:55:24,818] MacBook-Pro.local/INFO/locust.main: Starting Locust 2.17.0
[2024-09-25 16:55:24,819] MacBook-Pro.local/INFO/locust.runners: Sending spawn jobs of 10 users at 10.00 spawn rate to 10 ready workers
[2024-09-25 16:55:24,907] MacBook-Pro.local/INFO/locust.runners: All users spawned: {"QianfanLLMLoadUser": 10} (10 total users)
[2024-09-25 16:55:32,738] MacBook-Pro.local/WARNING/yame.runner: Distributor[distributor] StopIteration occurs 10 times, and 10 users have been spawned.
[2024-09-25 16:55:32,742] MacBook-Pro.local/INFO/locust.runners: Got quit message from master, shutting down...
[2024-09-25 16:55:32,742] MacBook-Pro.local/INFO/locust.runners: Got quit message from master, shutting down...
[2024-09-25 16:55:32,742] MacBook-Pro.local/INFO/locust.runners: Got quit message from master, shutting down...
[2024-09-25 16:55:32,743] MacBook-Pro.local/INFO/locust.runners: Got quit message from master, shutting down...
[2024-09-25 16:55:32,743] MacBook-Pro.local/INFO/locust.runners: Got quit message from master, shutting down...
[2024-09-25 16:55:32,743] MacBook-Pro.local/INFO/locust.runners: Got quit message from master, shutting down...
[2024-09-25 16:55:32,743] MacBook-Pro.local/INFO/locust.runners: Got quit message from master, shutting down...
[2024-09-25 16:55:32,743] MacBook-Pro.local/INFO/locust.runners: Got quit message from master, shutting down...
[2024-09-25 16:55:32,743] MacBook-Pro.local/INFO/locust.runners: Got quit message from master, shutting down...
[2024-09-25 16:55:32,745] MacBook-Pro.local/INFO/locust.runners: Got quit message from master, shutting down...
[2024-09-25 16:55:32,745] MacBook-Pro.local/INFO/locust.main: Shutting down (exit code 0)
[2024-09-25 16:55:32,745] MacBook-Pro.local/INFO/locust.main: Shutting down (exit code 0)
[2024-09-25 16:55:32,745] MacBook-Pro.local/INFO/locust.main: Shutting down (exit code 0)
[2024-09-25 16:55:32,746] MacBook-Pro.local/INFO/locust.main: Shutting down (exit code 0)
[2024-09-25 16:55:32,746] MacBook-Pro.local/INFO/locust.main: Shutting down (exit code 0)
[2024-09-25 16:55:32,746] MacBook-Pro.local/INFO/locust.main: Shutting down (exit code 0)
[2024-09-25 16:55:32,746] MacBook-Pro.local/INFO/locust.main: Shutting down (exit code 0)
[2024-09-25 16:55:32,747] MacBook-Pro.local/INFO/locust.main: Shutting down (exit code 0)
[2024-09-25 16:55:32,750] MacBook-Pro.local/INFO/locust.main: Shutting down (exit code 0)
[2024-09-25 16:55:32,751] MacBook-Pro.local/INFO/locust.main: Shutting down (exit code 0)
[2024-09-25 16:55:32,752] MacBook-Pro.local/INFO/locust.runners: Worker 'MacBook-Pro.local_331d80bdafbd41a898d84caf4cb04361' (index 5) quit. 0 workers ready.
[2024-09-25 16:55:32,756] MacBook-Pro.local/INFO/locust.runners: Worker 'MacBook-Pro.local_863b8870ece64c7e8f57d97273fe7317' (index 0) quit. 0 workers ready.
[2024-09-25 16:55:32,757] MacBook-Pro.local/INFO/locust.runners: Worker 'MacBook-Pro.local_f289b7a735f84804a1be55e5d3c74209' (index 3) quit. 0 workers ready.
[2024-09-25 16:55:32,757] MacBook-Pro.local/INFO/locust.runners: Worker 'MacBook-Pro.local_7c677772eb124e8e968479ebd6f304e5' (index 4) quit. 0 workers ready.
[2024-09-25 16:55:32,758] MacBook-Pro.local/INFO/locust.runners: Worker 'MacBook-Pro.local_bd09f186761d45529c1480680b9e6b71' (index 1) quit. 0 workers ready.
[2024-09-25 16:55:32,758] MacBook-Pro.local/INFO/locust.runners: Worker 'MacBook-Pro.local_63735ca98f584faf9409f348983ca2a7' (index 6) quit. 0 workers ready.
[2024-09-25 16:55:32,759] MacBook-Pro.local/INFO/locust.runners: Worker 'MacBook-Pro.local_0eeff28b2f004d3092ffdf179f23c6b3' (index 7) quit. 0 workers ready.
[2024-09-25 16:55:32,759] MacBook-Pro.local/INFO/locust.runners: Worker 'MacBook-Pro.local_f7a7fd19e66e4d2e9d2deeb69bf34c5b' (index 8) quit. 0 workers ready.
[2024-09-25 16:55:32,759] MacBook-Pro.local/INFO/locust.runners: Worker 'MacBook-Pro.local_e2c241a822d04086b0a6eeb2551ee73c' (index 2) quit. 0 workers ready.
[2024-09-25 16:55:32,760] MacBook-Pro.local/INFO/locust.runners: Worker 'MacBook-Pro.local_f2b53b97bac44824abe6884af7e43803' (index 9) quit. 0 workers ready.
[2024-09-25 16:55:32,760] MacBook-Pro.local/INFO/locust.runners: The last worker quit, stopping test.
[2024-09-25 16:55:33,276] MacBook-Pro.local/INFO/locust.main: writing html report to file: record/20240925T165523Z/round-user_num_10/report_user_num_10.html
[2024-09-25 16:55:33,779] MacBook-Pro.local/INFO/locust.main: Shutting down (exit code 0)
