[2024-09-25 16:56:45,725] MacBook-Pro.local/INFO/root: Waiting for workers to be ready, 0 of 10 connected
[2024-09-25 16:56:46,254] MacBook-Pro.local/INFO/locust.runners: Worker MacBook-Pro.local_c7866afd40ca49f0b30193675a21a5a1 (index 0) reported as ready. 1 workers connected.
[2024-09-25 16:56:46,255] MacBook-Pro.local/INFO/locust.runners: Worker MacBook-Pro.local_c0573da39ec1488fbf3eeae5a2eabc4f (index 1) reported as ready. 2 workers connected.
[2024-09-25 16:56:46,256] MacBook-Pro.local/INFO/locust.runners: Worker MacBook-Pro.local_4cfe9dce63e9435eab3b4b3aaf6dcece (index 2) reported as ready. 3 workers connected.
[2024-09-25 16:56:46,256] MacBook-Pro.local/INFO/locust.main: Starting Locust 2.17.0
[2024-09-25 16:56:46,256] MacBook-Pro.local/INFO/locust.main: Starting Locust 2.17.0
[2024-09-25 16:56:46,256] MacBook-Pro.local/INFO/locust.runners: Worker MacBook-Pro.local_ad886e08dcf341c882c44fd977308df2 (index 3) reported as ready. 4 workers connected.
[2024-09-25 16:56:46,257] MacBook-Pro.local/INFO/locust.main: Starting Locust 2.17.0
[2024-09-25 16:56:46,257] MacBook-Pro.local/INFO/locust.main: Starting Locust 2.17.0
[2024-09-25 16:56:46,258] MacBook-Pro.local/INFO/locust.runners: Worker MacBook-Pro.local_bb6f041d544c49e9afb10bc657eb5186 (index 4) reported as ready. 5 workers connected.
[2024-09-25 16:56:46,258] MacBook-Pro.local/INFO/locust.runners: Worker MacBook-Pro.local_7a9bf36297714d029ef42cd788bc2437 (index 5) reported as ready. 6 workers connected.
[2024-09-25 16:56:46,258] MacBook-Pro.local/INFO/locust.runners: Worker MacBook-Pro.local_07f748fc45684a9dbee27e682b65fa53 (index 6) reported as ready. 7 workers connected.
[2024-09-25 16:56:46,259] MacBook-Pro.local/INFO/locust.runners: Worker MacBook-Pro.local_f044189dace54b8aa4253380814aa11e (index 7) reported as ready. 8 workers connected.
[2024-09-25 16:56:46,259] MacBook-Pro.local/INFO/locust.main: Starting Locust 2.17.0
[2024-09-25 16:56:46,259] MacBook-Pro.local/INFO/locust.main: Starting Locust 2.17.0
[2024-09-25 16:56:46,259] MacBook-Pro.local/INFO/locust.runners: Worker MacBook-Pro.local_c10409302b22498db72ef3a4aa1678b0 (index 8) reported as ready. 9 workers connected.
[2024-09-25 16:56:46,259] MacBook-Pro.local/INFO/locust.main: Starting Locust 2.17.0
[2024-09-25 16:56:46,260] MacBook-Pro.local/INFO/locust.main: Starting Locust 2.17.0
[2024-09-25 16:56:46,260] MacBook-Pro.local/INFO/locust.main: Starting Locust 2.17.0
[2024-09-25 16:56:46,262] MacBook-Pro.local/INFO/locust.runners: Worker MacBook-Pro.local_12dcb3d66d534542aaa1b83be8486667 (index 9) reported as ready. 10 workers connected.
[2024-09-25 16:56:46,263] MacBook-Pro.local/INFO/locust.main: Starting Locust 2.17.0
[2024-09-25 16:56:46,727] MacBook-Pro.local/INFO/locust.main: No run time limit set, use CTRL+C to interrupt
[2024-09-25 16:56:46,727] MacBook-Pro.local/INFO/locust.main: Starting Locust 2.17.0
[2024-09-25 16:56:46,728] MacBook-Pro.local/INFO/locust.runners: Sending spawn jobs of 10 users at 10.00 spawn rate to 10 ready workers
[2024-09-25 16:56:46,823] MacBook-Pro.local/INFO/locust.runners: All users spawned: {"QianfanLLMLoadUser": 10} (10 total users)
[2024-09-25 16:56:57,543] MacBook-Pro.local/WARNING/yame.runner: Distributor[distributor] StopIteration occurs 10 times, and 10 users have been spawned.
[2024-09-25 16:56:57,546] MacBook-Pro.local/INFO/locust.runners: Got quit message from master, shutting down...
[2024-09-25 16:56:57,546] MacBook-Pro.local/INFO/locust.runners: Got quit message from master, shutting down...
[2024-09-25 16:56:57,546] MacBook-Pro.local/INFO/locust.runners: Got quit message from master, shutting down...
[2024-09-25 16:56:57,547] MacBook-Pro.local/INFO/locust.runners: Got quit message from master, shutting down...
[2024-09-25 16:56:57,547] MacBook-Pro.local/INFO/locust.runners: Got quit message from master, shutting down...
[2024-09-25 16:56:57,547] MacBook-Pro.local/INFO/locust.runners: Got quit message from master, shutting down...
[2024-09-25 16:56:57,547] MacBook-Pro.local/INFO/locust.runners: Got quit message from master, shutting down...
[2024-09-25 16:56:57,547] MacBook-Pro.local/INFO/locust.runners: Got quit message from master, shutting down...
[2024-09-25 16:56:57,548] MacBook-Pro.local/INFO/locust.runners: Got quit message from master, shutting down...
[2024-09-25 16:56:57,549] MacBook-Pro.local/INFO/locust.main: Shutting down (exit code 0)
[2024-09-25 16:56:57,549] MacBook-Pro.local/INFO/locust.main: Shutting down (exit code 0)
[2024-09-25 16:56:57,549] MacBook-Pro.local/INFO/locust.main: Shutting down (exit code 0)
[2024-09-25 16:56:57,549] MacBook-Pro.local/INFO/locust.main: Shutting down (exit code 0)
[2024-09-25 16:56:57,549] MacBook-Pro.local/INFO/locust.runners: Got quit message from master, shutting down...
[2024-09-25 16:56:57,550] MacBook-Pro.local/INFO/locust.main: Shutting down (exit code 0)
[2024-09-25 16:56:57,551] MacBook-Pro.local/INFO/locust.main: Shutting down (exit code 0)
[2024-09-25 16:56:57,551] MacBook-Pro.local/INFO/locust.main: Shutting down (exit code 0)
[2024-09-25 16:56:57,552] MacBook-Pro.local/INFO/locust.main: Shutting down (exit code 0)
[2024-09-25 16:56:57,553] MacBook-Pro.local/INFO/locust.main: Shutting down (exit code 0)
[2024-09-25 16:56:57,555] MacBook-Pro.local/INFO/locust.main: Shutting down (exit code 0)
[2024-09-25 16:56:57,557] MacBook-Pro.local/INFO/locust.runners: Worker 'MacBook-Pro.local_4cfe9dce63e9435eab3b4b3aaf6dcece' (index 2) quit. 0 workers ready.
[2024-09-25 16:56:57,560] MacBook-Pro.local/INFO/locust.runners: Worker 'MacBook-Pro.local_c7866afd40ca49f0b30193675a21a5a1' (index 0) quit. 0 workers ready.
[2024-09-25 16:56:57,561] MacBook-Pro.local/INFO/locust.runners: Worker 'MacBook-Pro.local_c0573da39ec1488fbf3eeae5a2eabc4f' (index 1) quit. 0 workers ready.
[2024-09-25 16:56:57,561] MacBook-Pro.local/INFO/locust.runners: Worker 'MacBook-Pro.local_7a9bf36297714d029ef42cd788bc2437' (index 5) quit. 0 workers ready.
[2024-09-25 16:56:57,562] MacBook-Pro.local/INFO/locust.runners: Worker 'MacBook-Pro.local_bb6f041d544c49e9afb10bc657eb5186' (index 4) quit. 0 workers ready.
[2024-09-25 16:56:57,562] MacBook-Pro.local/INFO/locust.runners: Worker 'MacBook-Pro.local_07f748fc45684a9dbee27e682b65fa53' (index 6) quit. 0 workers ready.
[2024-09-25 16:56:57,562] MacBook-Pro.local/INFO/locust.runners: Worker 'MacBook-Pro.local_f044189dace54b8aa4253380814aa11e' (index 7) quit. 0 workers ready.
[2024-09-25 16:56:57,563] MacBook-Pro.local/INFO/locust.runners: Worker 'MacBook-Pro.local_ad886e08dcf341c882c44fd977308df2' (index 3) quit. 0 workers ready.
[2024-09-25 16:56:57,563] MacBook-Pro.local/INFO/locust.runners: Worker 'MacBook-Pro.local_c10409302b22498db72ef3a4aa1678b0' (index 8) quit. 0 workers ready.
[2024-09-25 16:56:57,563] MacBook-Pro.local/INFO/locust.runners: Worker 'MacBook-Pro.local_12dcb3d66d534542aaa1b83be8486667' (index 9) quit. 0 workers ready.
[2024-09-25 16:56:57,563] MacBook-Pro.local/INFO/locust.runners: The last worker quit, stopping test.
[2024-09-25 16:56:58,083] MacBook-Pro.local/INFO/locust.main: writing html report to file: record/20240925T165645Z/round-user_num_10/report_user_num_10.html
[2024-09-25 16:56:58,586] MacBook-Pro.local/INFO/locust.main: Shutting down (exit code 0)
