[2024-09-04 14:54:59,167] MacBook-Pro/INFO/root: Waiting for workers to be ready, 0 of 10 connected
[2024-09-04 14:54:59,711] MacBook-Pro/INFO/locust.runners: Worker MacBook-Pro.local_15b5b62a74424409974dad367ba7f66e (index 0) reported as ready. 1 workers connected.
[2024-09-04 14:54:59,714] MacBook-Pro/INFO/locust.main: Starting Locust 2.31.4
[2024-09-04 14:54:59,718] MacBook-Pro/INFO/locust.runners: Worker MacBook-Pro.local_b4b31dc03f0441af91103a7dd0604979 (index 1) reported as ready. 2 workers connected.
[2024-09-04 14:54:59,722] MacBook-Pro/INFO/locust.main: Starting Locust 2.31.4
[2024-09-04 14:54:59,722] MacBook-Pro/INFO/locust.runners: Worker MacBook-Pro.local_8ae50b810f9241ae9a0aa9cc16f42446 (index 2) reported as ready. 3 workers connected.
[2024-09-04 14:54:59,724] MacBook-Pro/INFO/locust.runners: Worker MacBook-Pro.local_8b29a969876344058410a6c01462172f (index 3) reported as ready. 4 workers connected.
[2024-09-04 14:54:59,725] MacBook-Pro/INFO/locust.main: Starting Locust 2.31.4
[2024-09-04 14:54:59,727] MacBook-Pro/INFO/locust.main: Starting Locust 2.31.4
[2024-09-04 14:54:59,727] MacBook-Pro/INFO/locust.runners: Worker MacBook-Pro.local_a0f014e162f840728263b1b0883c6ba2 (index 4) reported as ready. 5 workers connected.
[2024-09-04 14:54:59,729] MacBook-Pro/INFO/locust.runners: Worker MacBook-Pro.local_1dc590c2186048e6b4002be336f437a8 (index 5) reported as ready. 6 workers connected.
[2024-09-04 14:54:59,729] MacBook-Pro/INFO/locust.main: Starting Locust 2.31.4
[2024-09-04 14:54:59,730] MacBook-Pro/INFO/locust.main: Starting Locust 2.31.4
[2024-09-04 14:54:59,730] MacBook-Pro/INFO/locust.runners: Worker MacBook-Pro.local_1c847cb69a7f495ab437939400e3bb3b (index 6) reported as ready. 7 workers connected.
[2024-09-04 14:54:59,732] MacBook-Pro/INFO/locust.main: Starting Locust 2.31.4
[2024-09-04 14:54:59,734] MacBook-Pro/INFO/locust.runners: Worker MacBook-Pro.local_502a32a587614226ab10ddc3afe22809 (index 7) reported as ready. 8 workers connected.
[2024-09-04 14:54:59,735] MacBook-Pro/INFO/locust.runners: Worker MacBook-Pro.local_dc936fd8be9d44de9599257b25e3ab1d (index 8) reported as ready. 9 workers connected.
[2024-09-04 14:54:59,735] MacBook-Pro/INFO/locust.main: Starting Locust 2.31.4
[2024-09-04 14:54:59,736] MacBook-Pro/INFO/locust.main: Starting Locust 2.31.4
[2024-09-04 14:54:59,738] MacBook-Pro/INFO/locust.runners: Worker MacBook-Pro.local_f569e805b9624d4aa496052cb974b922 (index 9) reported as ready. 10 workers connected.
[2024-09-04 14:54:59,739] MacBook-Pro/INFO/locust.main: Starting Locust 2.31.4
[2024-09-04 14:55:00,169] MacBook-Pro/INFO/locust.main: No run time limit set, use CTRL+C to interrupt
[2024-09-04 14:55:00,171] MacBook-Pro/INFO/locust.main: Starting Locust 2.31.4
[2024-09-04 14:55:00,173] MacBook-Pro/INFO/locust.runners: Sending spawn jobs of 10 users at 10.00 spawn rate to 10 ready workers
[2024-09-04 14:55:00,283] MacBook-Pro/INFO/locust.runners: All users spawned: {"QianfanLLMLoadUser": 10} (10 total users)
[2024-09-04 14:55:02,442] MacBook-Pro.local/WARNING/yame.runner: Distributor[distributor] StopIteration occurs 10 times, and 10 users have been spawned.
[2024-09-04 14:55:02,447] MacBook-Pro/INFO/locust.runners: Got quit message from master, shutting down...
[2024-09-04 14:55:02,447] MacBook-Pro/INFO/locust.runners: Got quit message from master, shutting down...
[2024-09-04 14:55:02,447] MacBook-Pro/INFO/locust.runners: Got quit message from master, shutting down...
[2024-09-04 14:55:02,447] MacBook-Pro/INFO/locust.runners: Got quit message from master, shutting down...
[2024-09-04 14:55:02,447] MacBook-Pro/INFO/locust.runners: Got quit message from master, shutting down...
[2024-09-04 14:55:02,448] MacBook-Pro/INFO/locust.runners: Got quit message from master, shutting down...
[2024-09-04 14:55:02,448] MacBook-Pro/INFO/locust.runners: Got quit message from master, shutting down...
[2024-09-04 14:55:02,452] MacBook-Pro/INFO/locust.runners: Got quit message from master, shutting down...
[2024-09-04 14:55:02,452] MacBook-Pro/INFO/locust.runners: Got quit message from master, shutting down...
[2024-09-04 14:55:02,461] MacBook-Pro/INFO/locust.runners: Got quit message from master, shutting down...
[2024-09-04 14:55:02,537] MacBook-Pro/INFO/locust.main: Shutting down (exit code 0)
[2024-09-04 14:55:02,537] MacBook-Pro/INFO/locust.main: Shutting down (exit code 0)
[2024-09-04 14:55:02,537] MacBook-Pro/INFO/locust.runners: Worker 'MacBook-Pro.local_1dc590c2186048e6b4002be336f437a8' (index 5) quit. 0 workers ready.
[2024-09-04 14:55:02,539] MacBook-Pro/INFO/locust.main: Shutting down (exit code 0)
[2024-09-04 14:55:02,539] MacBook-Pro/INFO/locust.runners: Worker 'MacBook-Pro.local_1c847cb69a7f495ab437939400e3bb3b' (index 6) quit. 0 workers ready.
[2024-09-04 14:55:02,540] MacBook-Pro/INFO/locust.main: Shutting down (exit code 0)
[2024-09-04 14:55:02,542] MacBook-Pro/INFO/locust.runners: Worker 'MacBook-Pro.local_f569e805b9624d4aa496052cb974b922' (index 9) quit. 0 workers ready.
[2024-09-04 14:55:02,543] MacBook-Pro/INFO/locust.runners: Worker 'MacBook-Pro.local_8ae50b810f9241ae9a0aa9cc16f42446' (index 2) quit. 0 workers ready.
[2024-09-04 14:55:02,543] MacBook-Pro/INFO/locust.main: Shutting down (exit code 0)
[2024-09-04 14:55:02,544] MacBook-Pro/INFO/locust.runners: Worker 'MacBook-Pro.local_a0f014e162f840728263b1b0883c6ba2' (index 4) quit. 0 workers ready.
[2024-09-04 14:55:02,545] MacBook-Pro/INFO/locust.main: Shutting down (exit code 0)
[2024-09-04 14:55:02,545] MacBook-Pro/INFO/locust.main: Shutting down (exit code 0)
[2024-09-04 14:55:02,545] MacBook-Pro/INFO/locust.main: Shutting down (exit code 0)
[2024-09-04 14:55:02,546] MacBook-Pro/INFO/locust.runners: Worker 'MacBook-Pro.local_b4b31dc03f0441af91103a7dd0604979' (index 1) quit. 0 workers ready.
[2024-09-04 14:55:02,546] MacBook-Pro/INFO/locust.main: Shutting down (exit code 0)
[2024-09-04 14:55:02,546] MacBook-Pro/INFO/locust.main: Shutting down (exit code 0)
[2024-09-04 14:55:02,548] MacBook-Pro/INFO/locust.runners: Worker 'MacBook-Pro.local_8b29a969876344058410a6c01462172f' (index 3) quit. 0 workers ready.
[2024-09-04 14:55:02,548] MacBook-Pro/INFO/locust.runners: Worker 'MacBook-Pro.local_dc936fd8be9d44de9599257b25e3ab1d' (index 8) quit. 0 workers ready.
[2024-09-04 14:55:02,549] MacBook-Pro/INFO/locust.runners: Worker 'MacBook-Pro.local_502a32a587614226ab10ddc3afe22809' (index 7) quit. 0 workers ready.
[2024-09-04 14:55:02,549] MacBook-Pro/INFO/locust.runners: Worker 'MacBook-Pro.local_15b5b62a74424409974dad367ba7f66e' (index 0) quit. 0 workers ready.
[2024-09-04 14:55:02,549] MacBook-Pro/INFO/locust.runners: The last worker quit, stopping test.
[2024-09-04 14:55:03,037] MacBook-Pro/INFO/locust.main: writing html report to file: record/20240904T145459Z/round-user_num_10/report_user_num_10.html
[2024-09-04 14:55:03,541] MacBook-Pro/INFO/locust.main: Shutting down (exit code 0)
