[2024-09-04 14:54:35,758] MacBook-Pro/INFO/root: Waiting for workers to be ready, 0 of 10 connected
[2024-09-04 14:54:36,275] MacBook-Pro/INFO/locust.runners: Worker MacBook-Pro.local_8005e6ffd0ca4fa597c808b6ec2e9b98 (index 0) reported as ready. 1 workers connected.
[2024-09-04 14:54:36,277] MacBook-Pro/INFO/locust.runners: Worker MacBook-Pro.local_dbadf64784d043379e46c2d94ae17042 (index 1) reported as ready. 2 workers connected.
[2024-09-04 14:54:36,280] MacBook-Pro/INFO/locust.main: Starting Locust 2.31.4
[2024-09-04 14:54:36,281] MacBook-Pro/INFO/locust.main: Starting Locust 2.31.4
[2024-09-04 14:54:36,286] MacBook-Pro/INFO/locust.runners: Worker MacBook-Pro.local_15a0780f37e844a6bb18f66f2ac72584 (index 2) reported as ready. 3 workers connected.
[2024-09-04 14:54:36,291] MacBook-Pro/INFO/locust.main: Starting Locust 2.31.4
[2024-09-04 14:54:36,293] MacBook-Pro/INFO/locust.runners: Worker MacBook-Pro.local_6991784d65af4d2c91d182caee305f00 (index 3) reported as ready. 4 workers connected.
[2024-09-04 14:54:36,294] MacBook-Pro/INFO/locust.runners: Worker MacBook-Pro.local_2b72376be1e64ec1abc053240a3f3cfa (index 4) reported as ready. 5 workers connected.
[2024-09-04 14:54:36,295] MacBook-Pro/INFO/locust.main: Starting Locust 2.31.4
[2024-09-04 14:54:36,297] MacBook-Pro/INFO/locust.main: Starting Locust 2.31.4
[2024-09-04 14:54:36,297] MacBook-Pro/INFO/locust.runners: Worker MacBook-Pro.local_6c571c20788e4840bb0a383217f2fef6 (index 5) reported as ready. 6 workers connected.
[2024-09-04 14:54:36,299] MacBook-Pro/INFO/locust.runners: Worker MacBook-Pro.local_72980f5d1f03481eaaaede439ccd08fa (index 6) reported as ready. 7 workers connected.
[2024-09-04 14:54:36,299] MacBook-Pro/INFO/locust.main: Starting Locust 2.31.4
[2024-09-04 14:54:36,301] MacBook-Pro/INFO/locust.main: Starting Locust 2.31.4
[2024-09-04 14:54:36,305] MacBook-Pro/INFO/locust.runners: Worker MacBook-Pro.local_1dd4654ad824468ba10f78d6e8bb589a (index 7) reported as ready. 8 workers connected.
[2024-09-04 14:54:36,307] MacBook-Pro/INFO/locust.runners: Worker MacBook-Pro.local_c475193d2e704ae1a0a85ed70fc70e35 (index 8) reported as ready. 9 workers connected.
[2024-09-04 14:54:36,307] MacBook-Pro/INFO/locust.main: Starting Locust 2.31.4
[2024-09-04 14:54:36,308] MacBook-Pro/INFO/locust.main: Starting Locust 2.31.4
[2024-09-04 14:54:36,312] MacBook-Pro/INFO/locust.runners: Worker MacBook-Pro.local_79daaa94ef034dcda6f89f94299b97ab (index 9) reported as ready. 10 workers connected.
[2024-09-04 14:54:36,312] MacBook-Pro/INFO/locust.main: Starting Locust 2.31.4
[2024-09-04 14:54:36,760] MacBook-Pro/INFO/locust.main: No run time limit set, use CTRL+C to interrupt
[2024-09-04 14:54:36,762] MacBook-Pro/INFO/locust.main: Starting Locust 2.31.4
[2024-09-04 14:54:36,764] MacBook-Pro/INFO/locust.runners: Sending spawn jobs of 10 users at 10.00 spawn rate to 10 ready workers
[2024-09-04 14:54:36,868] MacBook-Pro/INFO/locust.runners: All users spawned: {"QianfanLLMLoadUser": 10} (10 total users)
[2024-09-04 14:54:39,196] MacBook-Pro.local/WARNING/yame.runner: Distributor[distributor] StopIteration occurs 10 times, and 10 users have been spawned.
[2024-09-04 14:54:39,197] MacBook-Pro/INFO/locust.runners: Got quit message from master, shutting down...
[2024-09-04 14:54:39,198] MacBook-Pro/INFO/locust.runners: Got quit message from master, shutting down...
[2024-09-04 14:54:39,198] MacBook-Pro/INFO/locust.runners: Got quit message from master, shutting down...
[2024-09-04 14:54:39,198] MacBook-Pro/INFO/locust.runners: Got quit message from master, shutting down...
[2024-09-04 14:54:39,198] MacBook-Pro/INFO/locust.runners: Got quit message from master, shutting down...
[2024-09-04 14:54:39,198] MacBook-Pro/INFO/locust.runners: Got quit message from master, shutting down...
[2024-09-04 14:54:39,198] MacBook-Pro/INFO/locust.runners: Got quit message from master, shutting down...
[2024-09-04 14:54:39,199] MacBook-Pro/INFO/locust.runners: Got quit message from master, shutting down...
[2024-09-04 14:54:39,200] MacBook-Pro/INFO/locust.runners: Got quit message from master, shutting down...
[2024-09-04 14:54:39,198] MacBook-Pro/INFO/locust.runners: Got quit message from master, shutting down...
[2024-09-04 14:54:39,247] MacBook-Pro/INFO/locust.main: Shutting down (exit code 0)
[2024-09-04 14:54:39,247] MacBook-Pro/INFO/locust.runners: Worker 'MacBook-Pro.local_79daaa94ef034dcda6f89f94299b97ab' (index 9) quit. 0 workers ready.
[2024-09-04 14:54:39,266] MacBook-Pro/INFO/locust.main: Shutting down (exit code 0)
[2024-09-04 14:54:39,266] MacBook-Pro/INFO/locust.runners: Worker 'MacBook-Pro.local_72980f5d1f03481eaaaede439ccd08fa' (index 6) quit. 0 workers ready.
[2024-09-04 14:54:39,269] MacBook-Pro/INFO/locust.runners: Worker 'MacBook-Pro.local_6c571c20788e4840bb0a383217f2fef6' (index 5) quit. 0 workers ready.
[2024-09-04 14:54:39,269] MacBook-Pro/INFO/locust.main: Shutting down (exit code 0)
[2024-09-04 14:54:39,269] MacBook-Pro/INFO/locust.main: Shutting down (exit code 0)
[2024-09-04 14:54:39,270] MacBook-Pro/INFO/locust.runners: Worker 'MacBook-Pro.local_2b72376be1e64ec1abc053240a3f3cfa' (index 4) quit. 0 workers ready.
[2024-09-04 14:54:39,270] MacBook-Pro/INFO/locust.main: Shutting down (exit code 0)
[2024-09-04 14:54:39,271] MacBook-Pro/INFO/locust.runners: Worker 'MacBook-Pro.local_dbadf64784d043379e46c2d94ae17042' (index 1) quit. 0 workers ready.
[2024-09-04 14:54:39,272] MacBook-Pro/INFO/locust.main: Shutting down (exit code 0)
[2024-09-04 14:54:39,273] MacBook-Pro/INFO/locust.runners: Worker 'MacBook-Pro.local_c475193d2e704ae1a0a85ed70fc70e35' (index 8) quit. 0 workers ready.
[2024-09-04 14:54:39,273] MacBook-Pro/INFO/locust.main: Shutting down (exit code 0)
[2024-09-04 14:54:39,274] MacBook-Pro/INFO/locust.runners: Worker 'MacBook-Pro.local_15a0780f37e844a6bb18f66f2ac72584' (index 2) quit. 0 workers ready.
[2024-09-04 14:54:39,278] MacBook-Pro/INFO/locust.main: Shutting down (exit code 0)
[2024-09-04 14:54:39,278] MacBook-Pro/INFO/locust.runners: Worker 'MacBook-Pro.local_6991784d65af4d2c91d182caee305f00' (index 3) quit. 0 workers ready.
[2024-09-04 14:54:39,279] MacBook-Pro/INFO/locust.main: Shutting down (exit code 0)
[2024-09-04 14:54:39,279] MacBook-Pro/INFO/locust.runners: Worker 'MacBook-Pro.local_1dd4654ad824468ba10f78d6e8bb589a' (index 7) quit. 0 workers ready.
[2024-09-04 14:54:39,280] MacBook-Pro/INFO/locust.main: Shutting down (exit code 0)
[2024-09-04 14:54:39,280] MacBook-Pro/INFO/locust.runners: Worker 'MacBook-Pro.local_8005e6ffd0ca4fa597c808b6ec2e9b98' (index 0) quit. 0 workers ready.
[2024-09-04 14:54:39,280] MacBook-Pro/INFO/locust.runners: The last worker quit, stopping test.
[2024-09-04 14:54:39,780] MacBook-Pro/INFO/locust.main: writing html report to file: record/20240904T145435Z/round-user_num_10/report_user_num_10.html
[2024-09-04 14:54:40,284] MacBook-Pro/INFO/locust.main: Shutting down (exit code 0)
