[2024-09-25 16:58:39,432] MacBook-Pro.local/INFO/root: Waiting for workers to be ready, 0 of 10 connected
[2024-09-25 16:58:39,951] MacBook-Pro.local/INFO/locust.runners: Worker MacBook-Pro.local_5397f3fc75134105b8e60acde7b569b5 (index 0) reported as ready. 1 workers connected.
[2024-09-25 16:58:39,951] MacBook-Pro.local/INFO/locust.runners: Worker MacBook-Pro.local_a0e58ecdb243492d87b2d8d4c5907157 (index 1) reported as ready. 2 workers connected.
[2024-09-25 16:58:39,952] MacBook-Pro.local/INFO/locust.runners: Worker MacBook-Pro.local_78ed925739564194b68a4540b053b0b8 (index 2) reported as ready. 3 workers connected.
[2024-09-25 16:58:39,952] MacBook-Pro.local/INFO/locust.main: Starting Locust 2.17.0
[2024-09-25 16:58:39,953] MacBook-Pro.local/INFO/locust.main: Starting Locust 2.17.0
[2024-09-25 16:58:39,955] MacBook-Pro.local/INFO/locust.main: Starting Locust 2.17.0
[2024-09-25 16:58:39,956] MacBook-Pro.local/INFO/locust.runners: Worker MacBook-Pro.local_0f3bc4f53bf24d1ab3cf8884452c5992 (index 3) reported as ready. 4 workers connected.
[2024-09-25 16:58:39,958] MacBook-Pro.local/INFO/locust.main: Starting Locust 2.17.0
[2024-09-25 16:58:39,959] MacBook-Pro.local/INFO/locust.runners: Worker MacBook-Pro.local_98463d0204434796b302713d587eb47b (index 4) reported as ready. 5 workers connected.
[2024-09-25 16:58:39,961] MacBook-Pro.local/INFO/locust.runners: Worker MacBook-Pro.local_fcc82aa4cae3439cb2c63b159e9e1721 (index 5) reported as ready. 6 workers connected.
[2024-09-25 16:58:39,961] MacBook-Pro.local/INFO/locust.main: Starting Locust 2.17.0
[2024-09-25 16:58:39,964] MacBook-Pro.local/INFO/locust.main: Starting Locust 2.17.0
[2024-09-25 16:58:39,962] MacBook-Pro.local/INFO/locust.runners: Worker MacBook-Pro.local_9a262454f4574764883cef2f3edb6fba (index 6) reported as ready. 7 workers connected.
[2024-09-25 16:58:39,964] MacBook-Pro.local/INFO/locust.main: Starting Locust 2.17.0
[2024-09-25 16:58:39,966] MacBook-Pro.local/INFO/locust.runners: Worker MacBook-Pro.local_6fdb7e9498864c8b804778f919d81813 (index 7) reported as ready. 8 workers connected.
[2024-09-25 16:58:39,967] MacBook-Pro.local/INFO/locust.runners: Worker MacBook-Pro.local_2455950aa9aa45beaacdb250c08f1057 (index 8) reported as ready. 9 workers connected.
[2024-09-25 16:58:39,967] MacBook-Pro.local/INFO/locust.main: Starting Locust 2.17.0
[2024-09-25 16:58:39,967] MacBook-Pro.local/INFO/locust.runners: Worker MacBook-Pro.local_049a1dc3d1f64efc86968664842b3cb8 (index 9) reported as ready. 10 workers connected.
[2024-09-25 16:58:39,968] MacBook-Pro.local/INFO/locust.main: Starting Locust 2.17.0
[2024-09-25 16:58:39,968] MacBook-Pro.local/INFO/locust.main: Starting Locust 2.17.0
[2024-09-25 16:58:40,433] MacBook-Pro.local/INFO/locust.main: No run time limit set, use CTRL+C to interrupt
[2024-09-25 16:58:40,434] MacBook-Pro.local/INFO/locust.main: Starting Locust 2.17.0
[2024-09-25 16:58:40,435] MacBook-Pro.local/INFO/locust.runners: Sending spawn jobs of 10 users at 10.00 spawn rate to 10 ready workers
[2024-09-25 16:58:40,539] MacBook-Pro.local/INFO/locust.runners: All users spawned: {"QianfanLLMLoadUser": 10} (10 total users)
[2024-09-25 16:58:46,268] MacBook-Pro.local/WARNING/yame.runner: Distributor[distributor] StopIteration occurs 10 times, and 10 users have been spawned.
[2024-09-25 16:58:46,271] MacBook-Pro.local/INFO/locust.runners: Got quit message from master, shutting down...
[2024-09-25 16:58:46,271] MacBook-Pro.local/INFO/locust.runners: Got quit message from master, shutting down...
[2024-09-25 16:58:46,272] MacBook-Pro.local/INFO/locust.runners: Got quit message from master, shutting down...
[2024-09-25 16:58:46,272] MacBook-Pro.local/INFO/locust.runners: Got quit message from master, shutting down...
[2024-09-25 16:58:46,272] MacBook-Pro.local/INFO/locust.runners: Got quit message from master, shutting down...
[2024-09-25 16:58:46,271] MacBook-Pro.local/INFO/locust.runners: Got quit message from master, shutting down...
[2024-09-25 16:58:46,273] MacBook-Pro.local/INFO/locust.runners: Got quit message from master, shutting down...
[2024-09-25 16:58:46,273] MacBook-Pro.local/INFO/locust.main: Shutting down (exit code 0)
[2024-09-25 16:58:46,274] MacBook-Pro.local/INFO/locust.runners: Got quit message from master, shutting down...
[2024-09-25 16:58:46,274] MacBook-Pro.local/INFO/locust.runners: Got quit message from master, shutting down...
[2024-09-25 16:58:46,274] MacBook-Pro.local/INFO/locust.runners: Got quit message from master, shutting down...
[2024-09-25 16:58:46,275] MacBook-Pro.local/INFO/locust.main: Shutting down (exit code 0)
[2024-09-25 16:58:46,275] MacBook-Pro.local/INFO/locust.main: Shutting down (exit code 0)
[2024-09-25 16:58:46,276] MacBook-Pro.local/INFO/locust.main: Shutting down (exit code 0)
[2024-09-25 16:58:46,276] MacBook-Pro.local/INFO/locust.main: Shutting down (exit code 0)
[2024-09-25 16:58:46,279] MacBook-Pro.local/INFO/locust.main: Shutting down (exit code 0)
[2024-09-25 16:58:46,279] MacBook-Pro.local/INFO/locust.main: Shutting down (exit code 0)
[2024-09-25 16:58:46,278] MacBook-Pro.local/INFO/locust.main: Shutting down (exit code 0)
[2024-09-25 16:58:46,280] MacBook-Pro.local/INFO/locust.runners: Worker 'MacBook-Pro.local_5397f3fc75134105b8e60acde7b569b5' (index 0) quit. 0 workers ready.
[2024-09-25 16:58:46,280] MacBook-Pro.local/INFO/locust.main: Shutting down (exit code 0)
[2024-09-25 16:58:46,281] MacBook-Pro.local/INFO/locust.runners: Worker 'MacBook-Pro.local_0f3bc4f53bf24d1ab3cf8884452c5992' (index 3) quit. 0 workers ready.
[2024-09-25 16:58:46,281] MacBook-Pro.local/INFO/locust.main: Shutting down (exit code 0)
[2024-09-25 16:58:46,284] MacBook-Pro.local/INFO/locust.runners: Worker 'MacBook-Pro.local_2455950aa9aa45beaacdb250c08f1057' (index 8) quit. 0 workers ready.
[2024-09-25 16:58:46,288] MacBook-Pro.local/INFO/locust.runners: Worker 'MacBook-Pro.local_049a1dc3d1f64efc86968664842b3cb8' (index 9) quit. 0 workers ready.
[2024-09-25 16:58:46,288] MacBook-Pro.local/INFO/locust.runners: Worker 'MacBook-Pro.local_6fdb7e9498864c8b804778f919d81813' (index 7) quit. 0 workers ready.
[2024-09-25 16:58:46,289] MacBook-Pro.local/INFO/locust.runners: Worker 'MacBook-Pro.local_fcc82aa4cae3439cb2c63b159e9e1721' (index 5) quit. 0 workers ready.
[2024-09-25 16:58:46,289] MacBook-Pro.local/INFO/locust.runners: Worker 'MacBook-Pro.local_a0e58ecdb243492d87b2d8d4c5907157' (index 1) quit. 0 workers ready.
[2024-09-25 16:58:46,289] MacBook-Pro.local/INFO/locust.runners: Worker 'MacBook-Pro.local_9a262454f4574764883cef2f3edb6fba' (index 6) quit. 0 workers ready.
[2024-09-25 16:58:46,290] MacBook-Pro.local/INFO/locust.runners: Worker 'MacBook-Pro.local_98463d0204434796b302713d587eb47b' (index 4) quit. 0 workers ready.
[2024-09-25 16:58:46,812] MacBook-Pro.local/INFO/locust.main: writing html report to file: record/20240925T165839Z/round-user_num_10/report_user_num_10.html
[2024-09-25 16:58:47,315] MacBook-Pro.local/INFO/locust.main: Shutting down (exit code 0)
