[2024-09-25 16:59:23,522] MacBook-Pro.local/INFO/root: Waiting for workers to be ready, 0 of 10 connected
[2024-09-25 16:59:24,051] MacBook-Pro.local/INFO/locust.runners: Worker MacBook-Pro.local_efdfdbd0893149239b8c7d1b63a3d22e (index 0) reported as ready. 1 workers connected.
[2024-09-25 16:59:24,053] MacBook-Pro.local/INFO/locust.runners: Worker MacBook-Pro.local_b5f431f1f77c4b60a4a5be23fffd7dcc (index 1) reported as ready. 2 workers connected.
[2024-09-25 16:59:24,053] MacBook-Pro.local/INFO/locust.runners: Worker MacBook-Pro.local_722fbb6ca4c946b8855fae7f7f003752 (index 2) reported as ready. 3 workers connected.
[2024-09-25 16:59:24,054] MacBook-Pro.local/INFO/locust.runners: Worker MacBook-Pro.local_0fd240c7d978435698045bf4eb7bbd01 (index 3) reported as ready. 4 workers connected.
[2024-09-25 16:59:24,054] MacBook-Pro.local/INFO/locust.main: Starting Locust 2.17.0
[2024-09-25 16:59:24,054] MacBook-Pro.local/INFO/locust.runners: Worker MacBook-Pro.local_9dfa0264b668418493c68d42ec52d7a2 (index 4) reported as ready. 5 workers connected.
[2024-09-25 16:59:24,054] MacBook-Pro.local/INFO/locust.main: Starting Locust 2.17.0
[2024-09-25 16:59:24,055] MacBook-Pro.local/INFO/locust.main: Starting Locust 2.17.0
[2024-09-25 16:59:24,055] MacBook-Pro.local/INFO/locust.main: Starting Locust 2.17.0
[2024-09-25 16:59:24,055] MacBook-Pro.local/INFO/locust.runners: Worker MacBook-Pro.local_cf367ef2731d493d8d66ea374b62cdf1 (index 5) reported as ready. 6 workers connected.
[2024-09-25 16:59:24,056] MacBook-Pro.local/INFO/locust.main: Starting Locust 2.17.0
[2024-09-25 16:59:24,056] MacBook-Pro.local/INFO/locust.runners: Worker MacBook-Pro.local_53a01bdc69ee48c1aafe0cffb8a7c282 (index 6) reported as ready. 7 workers connected.
[2024-09-25 16:59:24,056] MacBook-Pro.local/INFO/locust.main: Starting Locust 2.17.0
[2024-09-25 16:59:24,056] MacBook-Pro.local/INFO/locust.runners: Worker MacBook-Pro.local_28004a1ac4f541128b46bd26fa169f36 (index 7) reported as ready. 8 workers connected.
[2024-09-25 16:59:24,057] MacBook-Pro.local/INFO/locust.main: Starting Locust 2.17.0
[2024-09-25 16:59:24,057] MacBook-Pro.local/INFO/locust.runners: Worker MacBook-Pro.local_c871d8aa47fb4c5eb7765179583e9712 (index 8) reported as ready. 9 workers connected.
[2024-09-25 16:59:24,057] MacBook-Pro.local/INFO/locust.main: Starting Locust 2.17.0
[2024-09-25 16:59:24,058] MacBook-Pro.local/INFO/locust.main: Starting Locust 2.17.0
[2024-09-25 16:59:24,060] MacBook-Pro.local/INFO/locust.runners: Worker MacBook-Pro.local_a514b66074244e4db6b5b8ee4d8f9042 (index 9) reported as ready. 10 workers connected.
[2024-09-25 16:59:24,060] MacBook-Pro.local/INFO/locust.main: Starting Locust 2.17.0
[2024-09-25 16:59:24,523] MacBook-Pro.local/INFO/locust.main: No run time limit set, use CTRL+C to interrupt
[2024-09-25 16:59:24,523] MacBook-Pro.local/INFO/locust.main: Starting Locust 2.17.0
[2024-09-25 16:59:24,524] MacBook-Pro.local/INFO/locust.runners: Sending spawn jobs of 10 users at 10.00 spawn rate to 10 ready workers
[2024-09-25 16:59:24,664] MacBook-Pro.local/INFO/locust.runners: All users spawned: {"QianfanLLMLoadUser": 10} (10 total users)
[2024-09-25 16:59:29,542] MacBook-Pro.local/WARNING/yame.runner: Distributor[distributor] StopIteration occurs 10 times, and 10 users have been spawned.
[2024-09-25 16:59:29,545] MacBook-Pro.local/INFO/locust.runners: Got quit message from master, shutting down...
[2024-09-25 16:59:29,545] MacBook-Pro.local/INFO/locust.runners: Got quit message from master, shutting down...
[2024-09-25 16:59:29,546] MacBook-Pro.local/INFO/locust.runners: Got quit message from master, shutting down...
[2024-09-25 16:59:29,546] MacBook-Pro.local/INFO/locust.runners: Got quit message from master, shutting down...
[2024-09-25 16:59:29,546] MacBook-Pro.local/INFO/locust.runners: Got quit message from master, shutting down...
[2024-09-25 16:59:29,547] MacBook-Pro.local/INFO/locust.runners: Got quit message from master, shutting down...
[2024-09-25 16:59:29,547] MacBook-Pro.local/INFO/locust.runners: Got quit message from master, shutting down...
[2024-09-25 16:59:29,548] MacBook-Pro.local/INFO/locust.main: Shutting down (exit code 0)
[2024-09-25 16:59:29,548] MacBook-Pro.local/INFO/locust.main: Shutting down (exit code 0)
[2024-09-25 16:59:29,548] MacBook-Pro.local/INFO/locust.runners: Got quit message from master, shutting down...
[2024-09-25 16:59:29,549] MacBook-Pro.local/INFO/locust.main: Shutting down (exit code 0)
[2024-09-25 16:59:29,549] MacBook-Pro.local/INFO/locust.runners: Got quit message from master, shutting down...
[2024-09-25 16:59:29,549] MacBook-Pro.local/INFO/locust.runners: Got quit message from master, shutting down...
[2024-09-25 16:59:29,550] MacBook-Pro.local/INFO/locust.main: Shutting down (exit code 0)
[2024-09-25 16:59:29,551] MacBook-Pro.local/INFO/locust.main: Shutting down (exit code 0)
[2024-09-25 16:59:29,552] MacBook-Pro.local/INFO/locust.main: Shutting down (exit code 0)
[2024-09-25 16:59:29,553] MacBook-Pro.local/INFO/locust.main: Shutting down (exit code 0)
[2024-09-25 16:59:29,553] MacBook-Pro.local/INFO/locust.main: Shutting down (exit code 0)
[2024-09-25 16:59:29,553] MacBook-Pro.local/INFO/locust.main: Shutting down (exit code 0)
[2024-09-25 16:59:29,554] MacBook-Pro.local/INFO/locust.main: Shutting down (exit code 0)
[2024-09-25 16:59:29,555] MacBook-Pro.local/INFO/locust.runners: Worker 'MacBook-Pro.local_b5f431f1f77c4b60a4a5be23fffd7dcc' (index 1) quit. 0 workers ready.
[2024-09-25 16:59:29,556] MacBook-Pro.local/INFO/locust.runners: Worker 'MacBook-Pro.local_722fbb6ca4c946b8855fae7f7f003752' (index 2) quit. 0 workers ready.
[2024-09-25 16:59:29,557] MacBook-Pro.local/INFO/locust.runners: Worker 'MacBook-Pro.local_efdfdbd0893149239b8c7d1b63a3d22e' (index 0) quit. 0 workers ready.
[2024-09-25 16:59:29,559] MacBook-Pro.local/INFO/locust.runners: Worker 'MacBook-Pro.local_0fd240c7d978435698045bf4eb7bbd01' (index 3) quit. 0 workers ready.
[2024-09-25 16:59:29,559] MacBook-Pro.local/INFO/locust.runners: Worker 'MacBook-Pro.local_9dfa0264b668418493c68d42ec52d7a2' (index 4) quit. 0 workers ready.
[2024-09-25 16:59:29,560] MacBook-Pro.local/INFO/locust.runners: Worker 'MacBook-Pro.local_cf367ef2731d493d8d66ea374b62cdf1' (index 5) quit. 0 workers ready.
[2024-09-25 16:59:29,560] MacBook-Pro.local/INFO/locust.runners: Worker 'MacBook-Pro.local_53a01bdc69ee48c1aafe0cffb8a7c282' (index 6) quit. 0 workers ready.
[2024-09-25 16:59:29,561] MacBook-Pro.local/INFO/locust.runners: Worker 'MacBook-Pro.local_a514b66074244e4db6b5b8ee4d8f9042' (index 9) quit. 0 workers ready.
[2024-09-25 16:59:29,561] MacBook-Pro.local/INFO/locust.runners: Worker 'MacBook-Pro.local_c871d8aa47fb4c5eb7765179583e9712' (index 8) quit. 0 workers ready.
[2024-09-25 16:59:29,561] MacBook-Pro.local/INFO/locust.runners: Worker 'MacBook-Pro.local_28004a1ac4f541128b46bd26fa169f36' (index 7) quit. 0 workers ready.
[2024-09-25 16:59:29,562] MacBook-Pro.local/INFO/locust.runners: The last worker quit, stopping test.
[2024-09-25 16:59:30,073] MacBook-Pro.local/INFO/locust.main: writing html report to file: record/20240925T165923Z/round-user_num_10/report_user_num_10.html
[2024-09-25 16:59:30,576] MacBook-Pro.local/INFO/locust.main: Shutting down (exit code 0)
