[2024-09-25 16:58:24,116] MacBook-Pro.local/INFO/root: Waiting for workers to be ready, 0 of 10 connected
[2024-09-25 16:58:24,654] MacBook-Pro.local/INFO/locust.runners: Worker MacBook-Pro.local_503062d9a6ef4a4a8c9514d7d8ac91f9 (index 0) reported as ready. 1 workers connected.
[2024-09-25 16:58:24,656] MacBook-Pro.local/INFO/locust.runners: Worker MacBook-Pro.local_d9236ec1e2a44b08a714bfa749fd7e50 (index 1) reported as ready. 2 workers connected.
[2024-09-25 16:58:24,658] MacBook-Pro.local/INFO/locust.runners: Worker MacBook-Pro.local_f46db1992f8140e0b1d4a76fad7ea302 (index 2) reported as ready. 3 workers connected.
[2024-09-25 16:58:24,658] MacBook-Pro.local/INFO/locust.main: Starting Locust 2.17.0
[2024-09-25 16:58:24,659] MacBook-Pro.local/INFO/locust.main: Starting Locust 2.17.0
[2024-09-25 16:58:24,661] MacBook-Pro.local/INFO/locust.main: Starting Locust 2.17.0
[2024-09-25 16:58:24,662] MacBook-Pro.local/INFO/locust.runners: Worker MacBook-Pro.local_b69227e34d4d4c24b9432440c003fb64 (index 3) reported as ready. 4 workers connected.
[2024-09-25 16:58:24,663] MacBook-Pro.local/INFO/locust.main: Starting Locust 2.17.0
[2024-09-25 16:58:24,664] MacBook-Pro.local/INFO/locust.runners: Worker MacBook-Pro.local_1e938454784e4803a7e27b4f931d7cab (index 4) reported as ready. 5 workers connected.
[2024-09-25 16:58:24,670] MacBook-Pro.local/INFO/locust.main: Starting Locust 2.17.0
[2024-09-25 16:58:24,672] MacBook-Pro.local/INFO/locust.runners: Worker MacBook-Pro.local_744fb573409c413dabbb360ab59b3409 (index 5) reported as ready. 6 workers connected.
[2024-09-25 16:58:24,673] MacBook-Pro.local/INFO/locust.main: Starting Locust 2.17.0
[2024-09-25 16:58:24,675] MacBook-Pro.local/INFO/locust.main: Starting Locust 2.17.0
[2024-09-25 16:58:24,675] MacBook-Pro.local/INFO/locust.runners: Worker MacBook-Pro.local_ae711ca62d5c440080dc6b99376f228f (index 6) reported as ready. 7 workers connected.
[2024-09-25 16:58:24,677] MacBook-Pro.local/INFO/locust.runners: Worker MacBook-Pro.local_c2b10360f55f4e69b64c79f6bcb7ab55 (index 7) reported as ready. 8 workers connected.
[2024-09-25 16:58:24,678] MacBook-Pro.local/INFO/locust.runners: Worker MacBook-Pro.local_af677c30f09e49f2b10aac73913e333d (index 8) reported as ready. 9 workers connected.
[2024-09-25 16:58:24,678] MacBook-Pro.local/INFO/locust.main: Starting Locust 2.17.0
[2024-09-25 16:58:24,679] MacBook-Pro.local/INFO/locust.main: Starting Locust 2.17.0
[2024-09-25 16:58:24,680] MacBook-Pro.local/INFO/locust.runners: Worker MacBook-Pro.local_4b8cc3fdbfe54b23b726215b3bd7c93c (index 9) reported as ready. 10 workers connected.
[2024-09-25 16:58:24,681] MacBook-Pro.local/INFO/locust.main: Starting Locust 2.17.0
[2024-09-25 16:58:25,117] MacBook-Pro.local/INFO/locust.main: No run time limit set, use CTRL+C to interrupt
[2024-09-25 16:58:25,118] MacBook-Pro.local/INFO/locust.main: Starting Locust 2.17.0
[2024-09-25 16:58:25,118] MacBook-Pro.local/INFO/locust.runners: Sending spawn jobs of 10 users at 10.00 spawn rate to 10 ready workers
[2024-09-25 16:58:25,201] MacBook-Pro.local/INFO/locust.runners: All users spawned: {"QianfanLLMLoadUser": 10} (10 total users)
[2024-09-25 16:58:32,316] MacBook-Pro.local/WARNING/yame.runner: Distributor[distributor] StopIteration occurs 10 times, and 10 users have been spawned.
[2024-09-25 16:58:32,319] MacBook-Pro.local/INFO/locust.runners: Got quit message from master, shutting down...
[2024-09-25 16:58:32,319] MacBook-Pro.local/INFO/locust.runners: Got quit message from master, shutting down...
[2024-09-25 16:58:32,320] MacBook-Pro.local/INFO/locust.runners: Got quit message from master, shutting down...
[2024-09-25 16:58:32,320] MacBook-Pro.local/INFO/locust.runners: Got quit message from master, shutting down...
[2024-09-25 16:58:32,319] MacBook-Pro.local/INFO/locust.runners: Got quit message from master, shutting down...
[2024-09-25 16:58:32,320] MacBook-Pro.local/INFO/locust.runners: Got quit message from master, shutting down...
[2024-09-25 16:58:32,320] MacBook-Pro.local/INFO/locust.runners: Got quit message from master, shutting down...
[2024-09-25 16:58:32,320] MacBook-Pro.local/INFO/locust.runners: Got quit message from master, shutting down...
[2024-09-25 16:58:32,320] MacBook-Pro.local/INFO/locust.runners: Got quit message from master, shutting down...
[2024-09-25 16:58:32,321] MacBook-Pro.local/INFO/locust.runners: Got quit message from master, shutting down...
[2024-09-25 16:58:32,322] MacBook-Pro.local/INFO/locust.main: Shutting down (exit code 0)
[2024-09-25 16:58:32,322] MacBook-Pro.local/INFO/locust.main: Shutting down (exit code 0)
[2024-09-25 16:58:32,322] MacBook-Pro.local/INFO/locust.main: Shutting down (exit code 0)
[2024-09-25 16:58:32,322] MacBook-Pro.local/INFO/locust.main: Shutting down (exit code 0)
[2024-09-25 16:58:32,324] MacBook-Pro.local/INFO/locust.main: Shutting down (exit code 0)
[2024-09-25 16:58:32,324] MacBook-Pro.local/INFO/locust.main: Shutting down (exit code 0)
[2024-09-25 16:58:32,324] MacBook-Pro.local/INFO/locust.runners: Worker 'MacBook-Pro.local_503062d9a6ef4a4a8c9514d7d8ac91f9' (index 0) quit. 0 workers ready.
[2024-09-25 16:58:32,326] MacBook-Pro.local/INFO/locust.main: Shutting down (exit code 0)
[2024-09-25 16:58:32,325] MacBook-Pro.local/INFO/locust.main: Shutting down (exit code 0)
[2024-09-25 16:58:32,325] MacBook-Pro.local/INFO/locust.main: Shutting down (exit code 0)
[2024-09-25 16:58:32,327] MacBook-Pro.local/INFO/locust.main: Shutting down (exit code 0)
[2024-09-25 16:58:32,326] MacBook-Pro.local/INFO/locust.runners: Worker 'MacBook-Pro.local_d9236ec1e2a44b08a714bfa749fd7e50' (index 1) quit. 0 workers ready.
[2024-09-25 16:58:32,331] MacBook-Pro.local/INFO/locust.runners: Worker 'MacBook-Pro.local_4b8cc3fdbfe54b23b726215b3bd7c93c' (index 9) quit. 0 workers ready.
[2024-09-25 16:58:32,332] MacBook-Pro.local/INFO/locust.runners: Worker 'MacBook-Pro.local_c2b10360f55f4e69b64c79f6bcb7ab55' (index 7) quit. 0 workers ready.
[2024-09-25 16:58:32,334] MacBook-Pro.local/INFO/locust.runners: Worker 'MacBook-Pro.local_744fb573409c413dabbb360ab59b3409' (index 5) quit. 0 workers ready.
[2024-09-25 16:58:32,334] MacBook-Pro.local/INFO/locust.runners: Worker 'MacBook-Pro.local_ae711ca62d5c440080dc6b99376f228f' (index 6) quit. 0 workers ready.
[2024-09-25 16:58:32,335] MacBook-Pro.local/INFO/locust.runners: Worker 'MacBook-Pro.local_f46db1992f8140e0b1d4a76fad7ea302' (index 2) quit. 0 workers ready.
[2024-09-25 16:58:32,335] MacBook-Pro.local/INFO/locust.runners: Worker 'MacBook-Pro.local_b69227e34d4d4c24b9432440c003fb64' (index 3) quit. 0 workers ready.
[2024-09-25 16:58:32,336] MacBook-Pro.local/INFO/locust.runners: Worker 'MacBook-Pro.local_1e938454784e4803a7e27b4f931d7cab' (index 4) quit. 0 workers ready.
[2024-09-25 16:58:32,336] MacBook-Pro.local/INFO/locust.runners: Worker 'MacBook-Pro.local_af677c30f09e49f2b10aac73913e333d' (index 8) quit. 0 workers ready.
[2024-09-25 16:58:32,336] MacBook-Pro.local/INFO/locust.runners: The last worker quit, stopping test.
[2024-09-25 16:58:32,850] MacBook-Pro.local/INFO/locust.main: writing html report to file: record/20240925T165824Z/round-user_num_10/report_user_num_10.html
[2024-09-25 16:58:33,352] MacBook-Pro.local/INFO/locust.main: Shutting down (exit code 0)
