[2024-09-25 16:53:49,425] MacBook-Pro.local/INFO/root: Waiting for workers to be ready, 0 of 10 connected
[2024-09-25 16:53:49,975] MacBook-Pro.local/INFO/locust.runners: Worker MacBook-Pro.local_0413f523a58c44d59e9c25f3d0ed1614 (index 0) reported as ready. 1 workers connected.
[2024-09-25 16:53:49,977] MacBook-Pro.local/INFO/locust.runners: Worker MacBook-Pro.local_e70665eb756f4c1e952ece504c99956f (index 1) reported as ready. 2 workers connected.
[2024-09-25 16:53:49,978] MacBook-Pro.local/INFO/locust.main: Starting Locust 2.17.0
[2024-09-25 16:53:49,980] MacBook-Pro.local/INFO/locust.main: Starting Locust 2.17.0
[2024-09-25 16:53:49,989] MacBook-Pro.local/INFO/locust.runners: Worker MacBook-Pro.local_16588c50cf4f449881ba4e100dc21890 (index 2) reported as ready. 3 workers connected.
[2024-09-25 16:53:49,990] MacBook-Pro.local/INFO/locust.runners: Worker MacBook-Pro.local_54c21d17b11840a5ab06c2d1c195852a (index 3) reported as ready. 4 workers connected.
[2024-09-25 16:53:49,991] MacBook-Pro.local/INFO/locust.main: Starting Locust 2.17.0
[2024-09-25 16:53:49,991] MacBook-Pro.local/INFO/locust.runners: Worker MacBook-Pro.local_382f238b1eed4970acefed85bf00b980 (index 4) reported as ready. 5 workers connected.
[2024-09-25 16:53:49,991] MacBook-Pro.local/INFO/locust.main: Starting Locust 2.17.0
[2024-09-25 16:53:49,992] MacBook-Pro.local/INFO/locust.main: Starting Locust 2.17.0
[2024-09-25 16:53:49,992] MacBook-Pro.local/INFO/locust.runners: Worker MacBook-Pro.local_0fc9bef337984730b27f4501b700f899 (index 5) reported as ready. 6 workers connected.
[2024-09-25 16:53:49,993] MacBook-Pro.local/INFO/locust.runners: Worker MacBook-Pro.local_f2bddc3dec2b4b07ac74fa0d07643ffd (index 6) reported as ready. 7 workers connected.
[2024-09-25 16:53:49,993] MacBook-Pro.local/INFO/locust.runners: Worker MacBook-Pro.local_3a746f3ebe3b44fab77714405ba6616c (index 7) reported as ready. 8 workers connected.
[2024-09-25 16:53:49,993] MacBook-Pro.local/INFO/locust.main: Starting Locust 2.17.0
[2024-09-25 16:53:49,994] MacBook-Pro.local/INFO/locust.main: Starting Locust 2.17.0
[2024-09-25 16:53:49,994] MacBook-Pro.local/INFO/locust.main: Starting Locust 2.17.0
[2024-09-25 16:53:49,995] MacBook-Pro.local/INFO/locust.runners: Worker MacBook-Pro.local_e349119851e64ef592d82a5c2c7bf24e (index 8) reported as ready. 9 workers connected.
[2024-09-25 16:53:49,996] MacBook-Pro.local/INFO/locust.main: Starting Locust 2.17.0
[2024-09-25 16:53:49,998] MacBook-Pro.local/INFO/locust.runners: Worker MacBook-Pro.local_040bb02a04a942568980484c99df1a28 (index 9) reported as ready. 10 workers connected.
[2024-09-25 16:53:49,999] MacBook-Pro.local/INFO/locust.main: Starting Locust 2.17.0
[2024-09-25 16:53:50,427] MacBook-Pro.local/INFO/locust.main: No run time limit set, use CTRL+C to interrupt
[2024-09-25 16:53:50,428] MacBook-Pro.local/INFO/locust.main: Starting Locust 2.17.0
[2024-09-25 16:53:50,430] MacBook-Pro.local/INFO/locust.runners: Sending spawn jobs of 10 users at 10.00 spawn rate to 10 ready workers
[2024-09-25 16:53:50,537] MacBook-Pro.local/INFO/locust.runners: All users spawned: {"QianfanLLMLoadUser": 10} (10 total users)
[2024-09-25 16:53:55,763] MacBook-Pro.local/WARNING/yame.runner: Distributor[distributor] StopIteration occurs 10 times, and 10 users have been spawned.
[2024-09-25 16:53:55,767] MacBook-Pro.local/INFO/locust.runners: Got quit message from master, shutting down...
[2024-09-25 16:53:55,768] MacBook-Pro.local/INFO/locust.runners: Got quit message from master, shutting down...
[2024-09-25 16:53:55,768] MacBook-Pro.local/INFO/locust.runners: Got quit message from master, shutting down...
[2024-09-25 16:53:55,768] MacBook-Pro.local/INFO/locust.runners: Got quit message from master, shutting down...
[2024-09-25 16:53:55,769] MacBook-Pro.local/INFO/locust.runners: Got quit message from master, shutting down...
[2024-09-25 16:53:55,769] MacBook-Pro.local/INFO/locust.runners: Got quit message from master, shutting down...
[2024-09-25 16:53:55,768] MacBook-Pro.local/INFO/locust.runners: Got quit message from master, shutting down...
[2024-09-25 16:53:55,769] MacBook-Pro.local/INFO/locust.runners: Got quit message from master, shutting down...
[2024-09-25 16:53:55,770] MacBook-Pro.local/INFO/locust.runners: Got quit message from master, shutting down...
[2024-09-25 16:53:55,770] MacBook-Pro.local/INFO/locust.runners: Got quit message from master, shutting down...
[2024-09-25 16:53:55,771] MacBook-Pro.local/INFO/locust.main: Shutting down (exit code 0)
[2024-09-25 16:53:55,772] MacBook-Pro.local/INFO/locust.main: Shutting down (exit code 0)
[2024-09-25 16:53:55,772] MacBook-Pro.local/INFO/locust.main: Shutting down (exit code 0)
[2024-09-25 16:53:55,772] MacBook-Pro.local/INFO/locust.main: Shutting down (exit code 0)
[2024-09-25 16:53:55,772] MacBook-Pro.local/INFO/locust.main: Shutting down (exit code 0)
[2024-09-25 16:53:55,773] MacBook-Pro.local/INFO/locust.main: Shutting down (exit code 0)
[2024-09-25 16:53:55,773] MacBook-Pro.local/INFO/locust.main: Shutting down (exit code 0)
[2024-09-25 16:53:55,777] MacBook-Pro.local/INFO/locust.main: Shutting down (exit code 0)
[2024-09-25 16:53:55,778] MacBook-Pro.local/INFO/locust.main: Shutting down (exit code 0)
[2024-09-25 16:53:55,780] MacBook-Pro.local/INFO/locust.main: Shutting down (exit code 0)
[2024-09-25 16:53:55,781] MacBook-Pro.local/INFO/locust.runners: Worker 'MacBook-Pro.local_e70665eb756f4c1e952ece504c99956f' (index 1) quit. 0 workers ready.
[2024-09-25 16:53:55,781] MacBook-Pro.local/INFO/locust.runners: Worker 'MacBook-Pro.local_0413f523a58c44d59e9c25f3d0ed1614' (index 0) quit. 0 workers ready.
[2024-09-25 16:53:55,782] MacBook-Pro.local/INFO/locust.runners: Worker 'MacBook-Pro.local_16588c50cf4f449881ba4e100dc21890' (index 2) quit. 0 workers ready.
[2024-09-25 16:53:55,782] MacBook-Pro.local/INFO/locust.runners: Worker 'MacBook-Pro.local_54c21d17b11840a5ab06c2d1c195852a' (index 3) quit. 0 workers ready.
[2024-09-25 16:53:55,783] MacBook-Pro.local/INFO/locust.runners: Worker 'MacBook-Pro.local_f2bddc3dec2b4b07ac74fa0d07643ffd' (index 6) quit. 0 workers ready.
[2024-09-25 16:53:55,783] MacBook-Pro.local/INFO/locust.runners: Worker 'MacBook-Pro.local_0fc9bef337984730b27f4501b700f899' (index 5) quit. 0 workers ready.
[2024-09-25 16:53:55,783] MacBook-Pro.local/INFO/locust.runners: Worker 'MacBook-Pro.local_382f238b1eed4970acefed85bf00b980' (index 4) quit. 0 workers ready.
[2024-09-25 16:53:55,783] MacBook-Pro.local/INFO/locust.runners: Worker 'MacBook-Pro.local_3a746f3ebe3b44fab77714405ba6616c' (index 7) quit. 0 workers ready.
[2024-09-25 16:53:56,312] MacBook-Pro.local/INFO/locust.main: writing html report to file: record/20240925T165349Z/round-user_num_10/report_user_num_10.html
[2024-09-25 16:53:56,815] MacBook-Pro.local/INFO/locust.main: Shutting down (exit code 0)
